{"/Users/dzmitrypatseyuk/my/block-watcher/src/evm-blocks/evm-blocks.controller.ts": {"path":"/Users/dzmitrypatseyuk/my/block-watcher/src/evm-blocks/evm-blocks.controller.ts","statementMap":{"0":{"start":{"line":1,"column":0},"end":{"line":1,"column":70}},"1":{"start":{"line":2,"column":0},"end":{"line":2,"column":56}},"2":{"start":{"line":3,"column":0},"end":{"line":3,"column":57}},"3":{"start":{"line":4,"column":0},"end":{"line":4,"column":65}},"4":{"start":{"line":8,"column":7},"end":{"line":32,"column":null}},"5":{"start":{"line":9,"column":31},"end":{"line":9,"column":42}},"6":{"start":{"line":11,"column":4},"end":{"line":11,"column":24}},"7":{"start":{"line":17,"column":16},"end":{"line":17,"column":55}},"8":{"start":{"line":19,"column":4},"end":{"line":19,"column":44}},"9":{"start":{"line":19,"column":14},"end":{"line":19,"column":44}},"10":{"start":{"line":21,"column":4},"end":{"line":21,"column":30}},"11":{"start":{"line":28,"column":16},"end":{"line":28,"column":62}},"12":{"start":{"line":29,"column":4},"end":{"line":29,"column":44}},"13":{"start":{"line":29,"column":14},"end":{"line":29,"column":44}},"14":{"start":{"line":30,"column":4},"end":{"line":30,"column":30}},"15":{"start":{"line":8,"column":13},"end":{"line":8,"column":32}},"16":{"start":{"line":10,"column":17},"end":{"line":12,"column":null}},"17":{"start":{"line":16,"column":8},"end":{"line":22,"column":null}},"18":{"start":{"line":24,"column":8},"end":{"line":31,"column":null}},"19":{"start":{"line":8,"column":13},"end":{"line":32,"column":null}}},"fnMap":{"0":{"name":"(anonymous_4)","decl":{"start":{"line":9,"column":2},"end":{"line":9,"column":31}},"loc":{"start":{"line":9,"column":58},"end":{"line":9,"column":62}}},"1":{"name":"(anonymous_5)","decl":{"start":{"line":10,"column":17},"end":{"line":10,"column":26}},"loc":{"start":{"line":10,"column":26},"end":{"line":12,"column":3}}},"2":{"name":"(anonymous_6)","decl":{"start":{"line":16,"column":8},"end":{"line":16,"column":14}},"loc":{"start":{"line":16,"column":62},"end":{"line":22,"column":3}}},"3":{"name":"(anonymous_7)","decl":{"start":{"line":24,"column":8},"end":{"line":24,"column":16}},"loc":{"start":{"line":26,"column":49},"end":{"line":31,"column":3}}}},"branchMap":{"0":{"loc":{"start":{"line":19,"column":4},"end":{"line":19,"column":44}},"type":"if","locations":[{"start":{"line":19,"column":4},"end":{"line":19,"column":44}},{"start":{},"end":{}}]},"1":{"loc":{"start":{"line":29,"column":4},"end":{"line":29,"column":44}},"type":"if","locations":[{"start":{"line":29,"column":4},"end":{"line":29,"column":44}},{"start":{},"end":{}}]}},"s":{"0":0,"1":0,"2":0,"3":0,"4":0,"5":0,"6":0,"7":0,"8":0,"9":0,"10":0,"11":0,"12":0,"13":0,"14":0,"15":0,"16":0,"17":0,"18":0,"19":0},"f":{"0":0,"1":0,"2":0,"3":0},"b":{"0":[0,0],"1":[0,0]}}
,"/Users/dzmitrypatseyuk/my/block-watcher/src/evm-blocks/evm-blocks.service.ts": {"path":"/Users/dzmitrypatseyuk/my/block-watcher/src/evm-blocks/evm-blocks.service.ts","statementMap":{"0":{"start":{"line":1,"column":0},"end":{"line":1,"column":57}},"1":{"start":{"line":3,"column":0},"end":{"line":3,"column":52}},"2":{"start":{"line":8,"column":29},"end":{"line":92,"column":null}},"3":{"start":{"line":9,"column":28},"end":{"line":9,"column":61}},"4":{"start":{"line":11,"column":21},"end":{"line":11,"column":29}},"5":{"start":{"line":16,"column":4},"end":{"line":19,"column":7}},"6":{"start":{"line":22,"column":4},"end":{"line":25,"column":7}},"7":{"start":{"line":29,"column":4},"end":{"line":32,"column":7}},"8":{"start":{"line":37,"column":18},"end":{"line":41,"column":6}},"9":{"start":{"line":43,"column":17},"end":{"line":47,"column":6}},"10":{"start":{"line":49,"column":4},"end":{"line":51,"column":5}},"11":{"start":{"line":50,"column":6},"end":{"line":50,"column":16}},"12":{"start":{"line":53,"column":17},"end":{"line":53,"column":29}},"13":{"start":{"line":54,"column":15},"end":{"line":54,"column":26}},"14":{"start":{"line":56,"column":4},"end":{"line":56,"column":29}},"15":{"start":{"line":56,"column":19},"end":{"line":56,"column":29}},"16":{"start":{"line":58,"column":18},"end":{"line":58,"column":20}},"17":{"start":{"line":59,"column":19},"end":{"line":77,"column":6}},"18":{"start":{"line":78,"column":30},"end":{"line":78,"column":32}},"19":{"start":{"line":79,"column":4},"end":{"line":88,"column":5}},"20":{"start":{"line":80,"column":6},"end":{"line":86,"column":7}},"21":{"start":{"line":81,"column":16},"end":{"line":81,"column":31}},"22":{"start":{"line":85,"column":8},"end":{"line":85,"column":24}},"23":{"start":{"line":87,"column":6},"end":{"line":87,"column":41}},"24":{"start":{"line":87,"column":35},"end":{"line":87,"column":41}},"25":{"start":{"line":90,"column":4},"end":{"line":90,"column":19}},"26":{"start":{"line":8,"column":13},"end":{"line":8,"column":29}},"27":{"start":{"line":8,"column":13},"end":{"line":92,"column":null}}},"fnMap":{"0":{"name":"(anonymous_2)","decl":{"start":{"line":10,"column":2},"end":{"line":10,"column":null}},"loc":{"start":{"line":11,"column":42},"end":{"line":13,"column":3}}},"1":{"name":"(anonymous_3)","decl":{"start":{"line":15,"column":2},"end":{"line":15,"column":11}},"loc":{"start":{"line":15,"column":27},"end":{"line":20,"column":3}}},"2":{"name":"(anonymous_4)","decl":{"start":{"line":21,"column":2},"end":{"line":21,"column":10}},"loc":{"start":{"line":21,"column":39},"end":{"line":26,"column":3}}},"3":{"name":"(anonymous_5)","decl":{"start":{"line":28,"column":2},"end":{"line":28,"column":14}},"loc":{"start":{"line":28,"column":38},"end":{"line":33,"column":3}}},"4":{"name":"(anonymous_6)","decl":{"start":{"line":36,"column":2},"end":{"line":36,"column":7}},"loc":{"start":{"line":36,"column":44},"end":{"line":91,"column":3}}}},"branchMap":{"0":{"loc":{"start":{"line":49,"column":4},"end":{"line":51,"column":5}},"type":"if","locations":[{"start":{"line":49,"column":4},"end":{"line":51,"column":5}},{"start":{},"end":{}}]},"1":{"loc":{"start":{"line":49,"column":8},"end":{"line":49,"column":23}},"type":"binary-expr","locations":[{"start":{"line":49,"column":8},"end":{"line":49,"column":14}},{"start":{"line":49,"column":18},"end":{"line":49,"column":23}}]},"2":{"loc":{"start":{"line":56,"column":4},"end":{"line":56,"column":29}},"type":"if","locations":[{"start":{"line":56,"column":4},"end":{"line":56,"column":29}},{"start":{},"end":{}}]},"3":{"loc":{"start":{"line":82,"column":8},"end":{"line":82,"column":52}},"type":"binary-expr","locations":[{"start":{"line":82,"column":8},"end":{"line":82,"column":26}},{"start":{"line":82,"column":30},"end":{"line":82,"column":52}}]},"4":{"loc":{"start":{"line":87,"column":6},"end":{"line":87,"column":41}},"type":"if","locations":[{"start":{"line":87,"column":6},"end":{"line":87,"column":41}},{"start":{},"end":{}}]}},"s":{"0":1,"1":1,"2":1,"3":1,"4":1,"5":5,"6":3,"7":15,"8":2,"9":2,"10":2,"11":1,"12":1,"13":1,"14":1,"15":0,"16":1,"17":1,"18":1,"19":1,"20":2,"21":2,"22":8,"23":2,"24":0,"25":1,"26":1,"27":1},"f":{"0":1,"1":5,"2":3,"3":15,"4":2},"b":{"0":[1,1],"1":[2,1],"2":[0,1],"3":[10,8],"4":[0,2]}}
,"/Users/dzmitrypatseyuk/my/block-watcher/src/evm-blocks/evm-watcher.provider.ts": {"path":"/Users/dzmitrypatseyuk/my/block-watcher/src/evm-blocks/evm-watcher.provider.ts","statementMap":{"0":{"start":{"line":1,"column":0},"end":{"line":1,"column":74}},"1":{"start":{"line":2,"column":0},"end":{"line":2,"column":47}},"2":{"start":{"line":3,"column":0},"end":{"line":3,"column":68}},"3":{"start":{"line":4,"column":0},"end":{"line":4,"column":56}},"4":{"start":{"line":5,"column":0},"end":{"line":5,"column":59}},"5":{"start":{"line":8,"column":31},"end":{"line":112,"column":null}},"6":{"start":{"line":9,"column":28},"end":{"line":9,"column":63}},"7":{"start":{"line":12,"column":21},"end":{"line":12,"column":29}},"8":{"start":{"line":13,"column":21},"end":{"line":13,"column":32}},"9":{"start":{"line":14,"column":42},"end":{"line":14,"column":57}},"10":{"start":{"line":18,"column":4},"end":{"line":18,"column":26}},"11":{"start":{"line":23,"column":31},"end":{"line":23,"column":63}},"12":{"start":{"line":24,"column":4},"end":{"line":27,"column":5}},"13":{"start":{"line":25,"column":6},"end":{"line":25,"column":73}},"14":{"start":{"line":26,"column":6},"end":{"line":26,"column":13}},"15":{"start":{"line":30,"column":4},"end":{"line":36,"column":5}},"16":{"start":{"line":31,"column":6},"end":{"line":35,"column":7}},"17":{"start":{"line":32,"column":8},"end":{"line":32,"column":42}},"18":{"start":{"line":34,"column":8},"end":{"line":34,"column":65}},"19":{"start":{"line":40,"column":17},"end":{"line":40,"column":47}},"20":{"start":{"line":42,"column":19},"end":{"line":42,"column":58}},"21":{"start":{"line":44,"column":4},"end":{"line":47,"column":5}},"22":{"start":{"line":45,"column":6},"end":{"line":45,"column":68}},"23":{"start":{"line":46,"column":6},"end":{"line":46,"column":13}},"24":{"start":{"line":49,"column":20},"end":{"line":49,"column":70}},"25":{"start":{"line":51,"column":4},"end":{"line":54,"column":5}},"26":{"start":{"line":52,"column":6},"end":{"line":52,"column":61}},"27":{"start":{"line":53,"column":6},"end":{"line":53,"column":13}},"28":{"start":{"line":56,"column":27},"end":{"line":58,"column":6}},"29":{"start":{"line":57,"column":6},"end":{"line":57,"column":51}},"30":{"start":{"line":60,"column":17},"end":{"line":70,"column":6}},"31":{"start":{"line":61,"column":21},"end":{"line":67,"column":8}},"32":{"start":{"line":69,"column":6},"end":{"line":69,"column":20}},"33":{"start":{"line":72,"column":4},"end":{"line":72,"column":44}},"34":{"start":{"line":74,"column":4},"end":{"line":76,"column":6}},"35":{"start":{"line":81,"column":31},"end":{"line":81,"column":63}},"36":{"start":{"line":83,"column":4},"end":{"line":89,"column":5}},"37":{"start":{"line":84,"column":6},"end":{"line":88,"column":7}},"38":{"start":{"line":85,"column":8},"end":{"line":85,"column":33}},"39":{"start":{"line":87,"column":8},"end":{"line":87,"column":65}},"40":{"start":{"line":93,"column":17},"end":{"line":93,"column":54}},"41":{"start":{"line":95,"column":14},"end":{"line":95,"column":60}},"42":{"start":{"line":97,"column":4},"end":{"line":105,"column":7}},"43":{"start":{"line":107,"column":17},"end":{"line":107,"column":47}},"44":{"start":{"line":108,"column":4},"end":{"line":110,"column":6}},"45":{"start":{"line":8,"column":13},"end":{"line":8,"column":31}},"46":{"start":{"line":22,"column":8},"end":{"line":37,"column":null}},"47":{"start":{"line":80,"column":8},"end":{"line":90,"column":null}},"48":{"start":{"line":8,"column":13},"end":{"line":112,"column":null}}},"fnMap":{"0":{"name":"(anonymous_4)","decl":{"start":{"line":11,"column":2},"end":{"line":11,"column":null}},"loc":{"start":{"line":14,"column":57},"end":{"line":15,"column":6}}},"1":{"name":"(anonymous_5)","decl":{"start":{"line":17,"column":2},"end":{"line":17,"column":7}},"loc":{"start":{"line":17,"column":20},"end":{"line":19,"column":3}}},"2":{"name":"(anonymous_6)","decl":{"start":{"line":22,"column":8},"end":{"line":22,"column":22}},"loc":{"start":{"line":22,"column":22},"end":{"line":37,"column":3}}},"3":{"name":"(anonymous_7)","decl":{"start":{"line":39,"column":10},"end":{"line":39,"column":15}},"loc":{"start":{"line":39,"column":45},"end":{"line":77,"column":3}}},"4":{"name":"(anonymous_8)","decl":{"start":{"line":56,"column":39},"end":{"line":56,"column":40}},"loc":{"start":{"line":56,"column":45},"end":{"line":58,"column":5}}},"5":{"name":"(anonymous_9)","decl":{"start":{"line":60,"column":57},"end":{"line":60,"column":58}},"loc":{"start":{"line":60,"column":63},"end":{"line":70,"column":5}}},"6":{"name":"(anonymous_10)","decl":{"start":{"line":80,"column":8},"end":{"line":80,"column":18}},"loc":{"start":{"line":80,"column":18},"end":{"line":90,"column":3}}},"7":{"name":"(anonymous_11)","decl":{"start":{"line":92,"column":10},"end":{"line":92,"column":15}},"loc":{"start":{"line":92,"column":36},"end":{"line":111,"column":3}}}},"branchMap":{"0":{"loc":{"start":{"line":24,"column":4},"end":{"line":27,"column":5}},"type":"if","locations":[{"start":{"line":24,"column":4},"end":{"line":27,"column":5}},{"start":{},"end":{}}]},"1":{"loc":{"start":{"line":34,"column":42},"end":{"line":34,"column":61}},"type":"binary-expr","locations":[{"start":{"line":34,"column":42},"end":{"line":34,"column":54}},{"start":{"line":34,"column":58},"end":{"line":34,"column":61}}]},"2":{"loc":{"start":{"line":44,"column":4},"end":{"line":47,"column":5}},"type":"if","locations":[{"start":{"line":44,"column":4},"end":{"line":47,"column":5}},{"start":{},"end":{}}]},"3":{"loc":{"start":{"line":51,"column":4},"end":{"line":54,"column":5}},"type":"if","locations":[{"start":{"line":51,"column":4},"end":{"line":54,"column":5}},{"start":{},"end":{}}]},"4":{"loc":{"start":{"line":87,"column":42},"end":{"line":87,"column":61}},"type":"binary-expr","locations":[{"start":{"line":87,"column":42},"end":{"line":87,"column":54}},{"start":{"line":87,"column":58},"end":{"line":87,"column":61}}]}},"s":{"0":0,"1":0,"2":0,"3":0,"4":0,"5":0,"6":0,"7":0,"8":0,"9":0,"10":0,"11":0,"12":0,"13":0,"14":0,"15":0,"16":0,"17":0,"18":0,"19":0,"20":0,"21":0,"22":0,"23":0,"24":0,"25":0,"26":0,"27":0,"28":0,"29":0,"30":0,"31":0,"32":0,"33":0,"34":0,"35":0,"36":0,"37":0,"38":0,"39":0,"40":0,"41":0,"42":0,"43":0,"44":0,"45":0,"46":0,"47":0,"48":0},"f":{"0":0,"1":0,"2":0,"3":0,"4":0,"5":0,"6":0,"7":0},"b":{"0":[0,0],"1":[0,0],"2":[0,0],"3":[0,0],"4":[0,0]}}
,"/Users/dzmitrypatseyuk/my/block-watcher/src/prisma/prisma.service.ts": {"path":"/Users/dzmitrypatseyuk/my/block-watcher/src/prisma/prisma.service.ts","statementMap":{"0":{"start":{"line":1,"column":0},"end":{"line":1,"column":null}},"1":{"start":{"line":7,"column":0},"end":{"line":7,"column":46}},"2":{"start":{"line":10,"column":7},"end":{"line":21,"column":null}},"3":{"start":{"line":15,"column":4},"end":{"line":15,"column":26}},"4":{"start":{"line":19,"column":4},"end":{"line":19,"column":29}},"5":{"start":{"line":10,"column":13},"end":{"line":10,"column":26}},"6":{"start":{"line":10,"column":13},"end":{"line":21,"column":null}}},"fnMap":{"0":{"name":"(anonymous_1)","decl":{"start":{"line":14,"column":2},"end":{"line":14,"column":7}},"loc":{"start":{"line":14,"column":20},"end":{"line":16,"column":3}}},"1":{"name":"(anonymous_2)","decl":{"start":{"line":18,"column":2},"end":{"line":18,"column":7}},"loc":{"start":{"line":18,"column":23},"end":{"line":20,"column":3}}}},"branchMap":{},"s":{"0":1,"1":1,"2":1,"3":0,"4":1,"5":1,"6":1},"f":{"0":0,"1":1},"b":{}}
,"/Users/dzmitrypatseyuk/my/block-watcher/src/rpc/rpc.types.ts": {"path":"/Users/dzmitrypatseyuk/my/block-watcher/src/rpc/rpc.types.ts","statementMap":{"0":{"start":{"line":1,"column":13},"end":{"line":1,"column":40}}},"fnMap":{},"branchMap":{},"s":{"0":1},"f":{},"b":{}}
,"/Users/dzmitrypatseyuk/my/block-watcher/src/rpc/viem-rpc.service.ts": {"path":"/Users/dzmitrypatseyuk/my/block-watcher/src/rpc/viem-rpc.service.ts","statementMap":{"0":{"start":{"line":1,"column":0},"end":{"line":1,"column":44}},"1":{"start":{"line":2,"column":0},"end":{"line":2,"column":47}},"2":{"start":{"line":4,"column":0},"end":{"line":4,"column":48}},"3":{"start":{"line":5,"column":0},"end":{"line":5,"column":89}},"4":{"start":{"line":8,"column":2},"end":{"line":23,"column":3}},"5":{"start":{"line":10,"column":6},"end":{"line":10,"column":21}},"6":{"start":{"line":12,"column":6},"end":{"line":12,"column":22}},"7":{"start":{"line":14,"column":6},"end":{"line":14,"column":21}},"8":{"start":{"line":16,"column":6},"end":{"line":16,"column":22}},"9":{"start":{"line":18,"column":6},"end":{"line":18,"column":18}},"10":{"start":{"line":20,"column":6},"end":{"line":20,"column":21}},"11":{"start":{"line":22,"column":6},"end":{"line":22,"column":21}},"12":{"start":{"line":27,"column":7},"end":{"line":69,"column":null}},"13":{"start":{"line":28,"column":21},"end":{"line":28,"column":77}},"14":{"start":{"line":30,"column":31},"end":{"line":30,"column":39}},"15":{"start":{"line":31,"column":23},"end":{"line":31,"column":73}},"16":{"start":{"line":32,"column":4},"end":{"line":38,"column":6}},"17":{"start":{"line":42,"column":21},"end":{"line":42,"column":46}},"18":{"start":{"line":43,"column":4},"end":{"line":43,"column":34}},"19":{"start":{"line":43,"column":18},"end":{"line":43,"column":34}},"20":{"start":{"line":44,"column":16},"end":{"line":44,"column":71}},"21":{"start":{"line":45,"column":19},"end":{"line":45,"column":94}},"22":{"start":{"line":46,"column":4},"end":{"line":46,"column":38}},"23":{"start":{"line":47,"column":4},"end":{"line":47,"column":18}},"24":{"start":{"line":51,"column":19},"end":{"line":51,"column":42}},"25":{"start":{"line":52,"column":14},"end":{"line":52,"column":59}},"26":{"start":{"line":53,"column":4},"end":{"line":53,"column":21}},"27":{"start":{"line":57,"column":19},"end":{"line":57,"column":42}},"28":{"start":{"line":58,"column":4},"end":{"line":58,"column":52}},"29":{"start":{"line":62,"column":4},"end":{"line":62,"column":43}},"30":{"start":{"line":66,"column":19},"end":{"line":66,"column":42}},"31":{"start":{"line":67,"column":4},"end":{"line":67,"column":54}},"32":{"start":{"line":27,"column":13},"end":{"line":27,"column":27}},"33":{"start":{"line":27,"column":13},"end":{"line":69,"column":null}}},"fnMap":{"0":{"name":"viemChainById","decl":{"start":{"line":7,"column":9},"end":{"line":7,"column":22}},"loc":{"start":{"line":7,"column":33},"end":{"line":24,"column":1}}},"1":{"name":"(anonymous_3)","decl":{"start":{"line":30,"column":2},"end":{"line":30,"column":31}},"loc":{"start":{"line":30,"column":52},"end":{"line":39,"column":3}}},"2":{"name":"(anonymous_4)","decl":{"start":{"line":41,"column":10},"end":{"line":41,"column":19}},"loc":{"start":{"line":41,"column":35},"end":{"line":48,"column":3}}},"3":{"name":"(anonymous_5)","decl":{"start":{"line":50,"column":2},"end":{"line":50,"column":7}},"loc":{"start":{"line":50,"column":37},"end":{"line":54,"column":3}}},"4":{"name":"(anonymous_6)","decl":{"start":{"line":56,"column":2},"end":{"line":56,"column":7}},"loc":{"start":{"line":56,"column":56},"end":{"line":59,"column":3}}},"5":{"name":"(anonymous_7)","decl":{"start":{"line":61,"column":2},"end":{"line":61,"column":23}},"loc":{"start":{"line":61,"column":23},"end":{"line":63,"column":3}}},"6":{"name":"(anonymous_8)","decl":{"start":{"line":65,"column":2},"end":{"line":65,"column":14}},"loc":{"start":{"line":65,"column":30},"end":{"line":68,"column":3}}}},"branchMap":{"0":{"loc":{"start":{"line":8,"column":2},"end":{"line":23,"column":3}},"type":"switch","locations":[{"start":{"line":9,"column":4},"end":{"line":10,"column":21}},{"start":{"line":11,"column":4},"end":{"line":12,"column":22}},{"start":{"line":13,"column":4},"end":{"line":14,"column":21}},{"start":{"line":15,"column":4},"end":{"line":16,"column":22}},{"start":{"line":17,"column":4},"end":{"line":18,"column":18}},{"start":{"line":19,"column":4},"end":{"line":20,"column":21}},{"start":{"line":21,"column":4},"end":{"line":22,"column":21}}]},"1":{"loc":{"start":{"line":43,"column":4},"end":{"line":43,"column":34}},"type":"if","locations":[{"start":{"line":43,"column":4},"end":{"line":43,"column":34}},{"start":{},"end":{}}]},"2":{"loc":{"start":{"line":67,"column":11},"end":{"line":67,"column":53}},"type":"binary-expr","locations":[{"start":{"line":67,"column":11},"end":{"line":67,"column":29}},{"start":{"line":67,"column":33},"end":{"line":67,"column":53}}]}},"s":{"0":0,"1":0,"2":0,"3":0,"4":0,"5":0,"6":0,"7":0,"8":0,"9":0,"10":0,"11":0,"12":0,"13":0,"14":0,"15":0,"16":0,"17":0,"18":0,"19":0,"20":0,"21":0,"22":0,"23":0,"24":0,"25":0,"26":0,"27":0,"28":0,"29":0,"30":0,"31":0,"32":0,"33":0},"f":{"0":0,"1":0,"2":0,"3":0,"4":0,"5":0,"6":0},"b":{"0":[0,0,0,0,0,0,0],"1":[0,0],"2":[0,0]}}
}
