{"/Users/dzmitrypatseyuk/my/block-watcher/src/evm-blocks/evm-blocks.controller.ts": {"path":"/Users/dzmitrypatseyuk/my/block-watcher/src/evm-blocks/evm-blocks.controller.ts","statementMap":{"0":{"start":{"line":1,"column":0},"end":{"line":1,"column":70}},"1":{"start":{"line":2,"column":0},"end":{"line":2,"column":56}},"2":{"start":{"line":3,"column":0},"end":{"line":3,"column":57}},"3":{"start":{"line":4,"column":0},"end":{"line":4,"column":65}},"4":{"start":{"line":8,"column":7},"end":{"line":32,"column":null}},"5":{"start":{"line":9,"column":31},"end":{"line":9,"column":42}},"6":{"start":{"line":11,"column":4},"end":{"line":11,"column":24}},"7":{"start":{"line":17,"column":16},"end":{"line":17,"column":55}},"8":{"start":{"line":19,"column":4},"end":{"line":19,"column":44}},"9":{"start":{"line":19,"column":14},"end":{"line":19,"column":44}},"10":{"start":{"line":21,"column":4},"end":{"line":21,"column":30}},"11":{"start":{"line":28,"column":16},"end":{"line":28,"column":62}},"12":{"start":{"line":29,"column":4},"end":{"line":29,"column":44}},"13":{"start":{"line":29,"column":14},"end":{"line":29,"column":44}},"14":{"start":{"line":30,"column":4},"end":{"line":30,"column":30}},"15":{"start":{"line":8,"column":13},"end":{"line":8,"column":32}},"16":{"start":{"line":10,"column":17},"end":{"line":12,"column":null}},"17":{"start":{"line":16,"column":8},"end":{"line":22,"column":null}},"18":{"start":{"line":24,"column":8},"end":{"line":31,"column":null}},"19":{"start":{"line":8,"column":13},"end":{"line":32,"column":null}}},"fnMap":{"0":{"name":"(anonymous_4)","decl":{"start":{"line":9,"column":2},"end":{"line":9,"column":31}},"loc":{"start":{"line":9,"column":58},"end":{"line":9,"column":62}}},"1":{"name":"(anonymous_5)","decl":{"start":{"line":10,"column":17},"end":{"line":10,"column":26}},"loc":{"start":{"line":10,"column":26},"end":{"line":12,"column":3}}},"2":{"name":"(anonymous_6)","decl":{"start":{"line":16,"column":8},"end":{"line":16,"column":14}},"loc":{"start":{"line":16,"column":62},"end":{"line":22,"column":3}}},"3":{"name":"(anonymous_7)","decl":{"start":{"line":24,"column":8},"end":{"line":24,"column":16}},"loc":{"start":{"line":26,"column":49},"end":{"line":31,"column":3}}}},"branchMap":{"0":{"loc":{"start":{"line":19,"column":4},"end":{"line":19,"column":44}},"type":"if","locations":[{"start":{"line":19,"column":4},"end":{"line":19,"column":44}},{"start":{},"end":{}}]},"1":{"loc":{"start":{"line":29,"column":4},"end":{"line":29,"column":44}},"type":"if","locations":[{"start":{"line":29,"column":4},"end":{"line":29,"column":44}},{"start":{},"end":{}}]}},"s":{"0":1,"1":1,"2":1,"3":1,"4":1,"5":1,"6":2,"7":7,"8":7,"9":2,"10":5,"11":10,"12":10,"13":4,"14":6,"15":1,"16":1,"17":1,"18":1,"19":1},"f":{"0":1,"1":2,"2":7,"3":10},"b":{"0":[2,5],"1":[4,6]}}
,"/Users/dzmitrypatseyuk/my/block-watcher/src/evm-blocks/evm-blocks.service.ts": {"path":"/Users/dzmitrypatseyuk/my/block-watcher/src/evm-blocks/evm-blocks.service.ts","statementMap":{"0":{"start":{"line":1,"column":0},"end":{"line":1,"column":57}},"1":{"start":{"line":3,"column":0},"end":{"line":3,"column":52}},"2":{"start":{"line":8,"column":29},"end":{"line":92,"column":null}},"3":{"start":{"line":9,"column":28},"end":{"line":9,"column":61}},"4":{"start":{"line":11,"column":21},"end":{"line":11,"column":29}},"5":{"start":{"line":16,"column":4},"end":{"line":19,"column":7}},"6":{"start":{"line":22,"column":4},"end":{"line":25,"column":7}},"7":{"start":{"line":29,"column":4},"end":{"line":32,"column":7}},"8":{"start":{"line":37,"column":18},"end":{"line":41,"column":6}},"9":{"start":{"line":43,"column":17},"end":{"line":47,"column":6}},"10":{"start":{"line":49,"column":4},"end":{"line":51,"column":5}},"11":{"start":{"line":50,"column":6},"end":{"line":50,"column":16}},"12":{"start":{"line":53,"column":17},"end":{"line":53,"column":29}},"13":{"start":{"line":54,"column":15},"end":{"line":54,"column":26}},"14":{"start":{"line":56,"column":4},"end":{"line":56,"column":29}},"15":{"start":{"line":56,"column":19},"end":{"line":56,"column":29}},"16":{"start":{"line":58,"column":18},"end":{"line":58,"column":20}},"17":{"start":{"line":59,"column":19},"end":{"line":77,"column":6}},"18":{"start":{"line":78,"column":30},"end":{"line":78,"column":32}},"19":{"start":{"line":79,"column":4},"end":{"line":88,"column":5}},"20":{"start":{"line":80,"column":6},"end":{"line":86,"column":7}},"21":{"start":{"line":81,"column":16},"end":{"line":81,"column":31}},"22":{"start":{"line":85,"column":8},"end":{"line":85,"column":24}},"23":{"start":{"line":87,"column":6},"end":{"line":87,"column":41}},"24":{"start":{"line":87,"column":35},"end":{"line":87,"column":41}},"25":{"start":{"line":90,"column":4},"end":{"line":90,"column":19}},"26":{"start":{"line":8,"column":13},"end":{"line":8,"column":29}},"27":{"start":{"line":8,"column":13},"end":{"line":92,"column":null}}},"fnMap":{"0":{"name":"(anonymous_2)","decl":{"start":{"line":10,"column":2},"end":{"line":10,"column":null}},"loc":{"start":{"line":11,"column":42},"end":{"line":13,"column":3}}},"1":{"name":"(anonymous_3)","decl":{"start":{"line":15,"column":2},"end":{"line":15,"column":11}},"loc":{"start":{"line":15,"column":27},"end":{"line":20,"column":3}}},"2":{"name":"(anonymous_4)","decl":{"start":{"line":21,"column":2},"end":{"line":21,"column":10}},"loc":{"start":{"line":21,"column":39},"end":{"line":26,"column":3}}},"3":{"name":"(anonymous_5)","decl":{"start":{"line":28,"column":2},"end":{"line":28,"column":14}},"loc":{"start":{"line":28,"column":38},"end":{"line":33,"column":3}}},"4":{"name":"(anonymous_6)","decl":{"start":{"line":36,"column":2},"end":{"line":36,"column":7}},"loc":{"start":{"line":36,"column":44},"end":{"line":91,"column":3}}}},"branchMap":{"0":{"loc":{"start":{"line":49,"column":4},"end":{"line":51,"column":5}},"type":"if","locations":[{"start":{"line":49,"column":4},"end":{"line":51,"column":5}},{"start":{},"end":{}}]},"1":{"loc":{"start":{"line":49,"column":8},"end":{"line":49,"column":23}},"type":"binary-expr","locations":[{"start":{"line":49,"column":8},"end":{"line":49,"column":14}},{"start":{"line":49,"column":18},"end":{"line":49,"column":23}}]},"2":{"loc":{"start":{"line":56,"column":4},"end":{"line":56,"column":29}},"type":"if","locations":[{"start":{"line":56,"column":4},"end":{"line":56,"column":29}},{"start":{},"end":{}}]},"3":{"loc":{"start":{"line":82,"column":8},"end":{"line":82,"column":52}},"type":"binary-expr","locations":[{"start":{"line":82,"column":8},"end":{"line":82,"column":26}},{"start":{"line":82,"column":30},"end":{"line":82,"column":52}}]},"4":{"loc":{"start":{"line":87,"column":6},"end":{"line":87,"column":41}},"type":"if","locations":[{"start":{"line":87,"column":6},"end":{"line":87,"column":41}},{"start":{},"end":{}}]}},"s":{"0":3,"1":3,"2":3,"3":3,"4":3,"5":25,"6":27,"7":54,"8":12,"9":12,"10":12,"11":1,"12":11,"13":11,"14":11,"15":0,"16":11,"17":11,"18":11,"19":11,"20":8,"21":8,"22":44,"23":8,"24":2,"25":11,"26":3,"27":3},"f":{"0":3,"1":25,"2":27,"3":54,"4":12},"b":{"0":[1,11],"1":[12,11],"2":[0,11],"3":[52,46],"4":[2,6]}}
,"/Users/dzmitrypatseyuk/my/block-watcher/src/evm-blocks/evm-watcher.provider.ts": {"path":"/Users/dzmitrypatseyuk/my/block-watcher/src/evm-blocks/evm-watcher.provider.ts","statementMap":{"0":{"start":{"line":1,"column":0},"end":{"line":1,"column":74}},"1":{"start":{"line":2,"column":0},"end":{"line":2,"column":47}},"2":{"start":{"line":3,"column":0},"end":{"line":3,"column":68}},"3":{"start":{"line":4,"column":0},"end":{"line":4,"column":56}},"4":{"start":{"line":5,"column":0},"end":{"line":5,"column":59}},"5":{"start":{"line":8,"column":31},"end":{"line":112,"column":null}},"6":{"start":{"line":9,"column":28},"end":{"line":9,"column":63}},"7":{"start":{"line":12,"column":21},"end":{"line":12,"column":29}},"8":{"start":{"line":13,"column":21},"end":{"line":13,"column":32}},"9":{"start":{"line":14,"column":42},"end":{"line":14,"column":57}},"10":{"start":{"line":18,"column":4},"end":{"line":18,"column":26}},"11":{"start":{"line":23,"column":31},"end":{"line":23,"column":63}},"12":{"start":{"line":24,"column":4},"end":{"line":27,"column":5}},"13":{"start":{"line":25,"column":6},"end":{"line":25,"column":73}},"14":{"start":{"line":26,"column":6},"end":{"line":26,"column":13}},"15":{"start":{"line":30,"column":4},"end":{"line":36,"column":5}},"16":{"start":{"line":31,"column":6},"end":{"line":35,"column":7}},"17":{"start":{"line":32,"column":8},"end":{"line":32,"column":42}},"18":{"start":{"line":34,"column":8},"end":{"line":34,"column":65}},"19":{"start":{"line":40,"column":17},"end":{"line":40,"column":47}},"20":{"start":{"line":42,"column":19},"end":{"line":42,"column":58}},"21":{"start":{"line":44,"column":4},"end":{"line":47,"column":5}},"22":{"start":{"line":45,"column":6},"end":{"line":45,"column":68}},"23":{"start":{"line":46,"column":6},"end":{"line":46,"column":13}},"24":{"start":{"line":49,"column":20},"end":{"line":49,"column":70}},"25":{"start":{"line":51,"column":4},"end":{"line":54,"column":5}},"26":{"start":{"line":52,"column":6},"end":{"line":52,"column":61}},"27":{"start":{"line":53,"column":6},"end":{"line":53,"column":13}},"28":{"start":{"line":56,"column":27},"end":{"line":58,"column":6}},"29":{"start":{"line":57,"column":6},"end":{"line":57,"column":51}},"30":{"start":{"line":60,"column":17},"end":{"line":70,"column":6}},"31":{"start":{"line":61,"column":21},"end":{"line":67,"column":8}},"32":{"start":{"line":69,"column":6},"end":{"line":69,"column":20}},"33":{"start":{"line":72,"column":4},"end":{"line":72,"column":44}},"34":{"start":{"line":74,"column":4},"end":{"line":76,"column":6}},"35":{"start":{"line":81,"column":31},"end":{"line":81,"column":63}},"36":{"start":{"line":83,"column":4},"end":{"line":89,"column":5}},"37":{"start":{"line":84,"column":6},"end":{"line":88,"column":7}},"38":{"start":{"line":85,"column":8},"end":{"line":85,"column":33}},"39":{"start":{"line":87,"column":8},"end":{"line":87,"column":65}},"40":{"start":{"line":93,"column":17},"end":{"line":93,"column":54}},"41":{"start":{"line":95,"column":14},"end":{"line":95,"column":60}},"42":{"start":{"line":97,"column":4},"end":{"line":105,"column":7}},"43":{"start":{"line":107,"column":17},"end":{"line":107,"column":47}},"44":{"start":{"line":108,"column":4},"end":{"line":110,"column":6}},"45":{"start":{"line":8,"column":13},"end":{"line":8,"column":31}},"46":{"start":{"line":22,"column":8},"end":{"line":37,"column":null}},"47":{"start":{"line":80,"column":8},"end":{"line":90,"column":null}},"48":{"start":{"line":8,"column":13},"end":{"line":112,"column":null}}},"fnMap":{"0":{"name":"(anonymous_4)","decl":{"start":{"line":11,"column":2},"end":{"line":11,"column":null}},"loc":{"start":{"line":14,"column":57},"end":{"line":15,"column":6}}},"1":{"name":"(anonymous_5)","decl":{"start":{"line":17,"column":2},"end":{"line":17,"column":7}},"loc":{"start":{"line":17,"column":20},"end":{"line":19,"column":3}}},"2":{"name":"(anonymous_6)","decl":{"start":{"line":22,"column":8},"end":{"line":22,"column":22}},"loc":{"start":{"line":22,"column":22},"end":{"line":37,"column":3}}},"3":{"name":"(anonymous_7)","decl":{"start":{"line":39,"column":10},"end":{"line":39,"column":15}},"loc":{"start":{"line":39,"column":45},"end":{"line":77,"column":3}}},"4":{"name":"(anonymous_8)","decl":{"start":{"line":56,"column":39},"end":{"line":56,"column":40}},"loc":{"start":{"line":56,"column":45},"end":{"line":58,"column":5}}},"5":{"name":"(anonymous_9)","decl":{"start":{"line":60,"column":57},"end":{"line":60,"column":58}},"loc":{"start":{"line":60,"column":63},"end":{"line":70,"column":5}}},"6":{"name":"(anonymous_10)","decl":{"start":{"line":80,"column":8},"end":{"line":80,"column":18}},"loc":{"start":{"line":80,"column":18},"end":{"line":90,"column":3}}},"7":{"name":"(anonymous_11)","decl":{"start":{"line":92,"column":10},"end":{"line":92,"column":15}},"loc":{"start":{"line":92,"column":36},"end":{"line":111,"column":3}}}},"branchMap":{"0":{"loc":{"start":{"line":24,"column":4},"end":{"line":27,"column":5}},"type":"if","locations":[{"start":{"line":24,"column":4},"end":{"line":27,"column":5}},{"start":{},"end":{}}]},"1":{"loc":{"start":{"line":34,"column":42},"end":{"line":34,"column":61}},"type":"binary-expr","locations":[{"start":{"line":34,"column":42},"end":{"line":34,"column":54}},{"start":{"line":34,"column":58},"end":{"line":34,"column":61}}]},"2":{"loc":{"start":{"line":44,"column":4},"end":{"line":47,"column":5}},"type":"if","locations":[{"start":{"line":44,"column":4},"end":{"line":47,"column":5}},{"start":{},"end":{}}]},"3":{"loc":{"start":{"line":51,"column":4},"end":{"line":54,"column":5}},"type":"if","locations":[{"start":{"line":51,"column":4},"end":{"line":54,"column":5}},{"start":{},"end":{}}]},"4":{"loc":{"start":{"line":87,"column":42},"end":{"line":87,"column":61}},"type":"binary-expr","locations":[{"start":{"line":87,"column":42},"end":{"line":87,"column":54}},{"start":{"line":87,"column":58},"end":{"line":87,"column":61}}]}},"s":{"0":1,"1":1,"2":1,"3":1,"4":1,"5":1,"6":1,"7":1,"8":1,"9":1,"10":1,"11":10,"12":10,"13":1,"14":1,"15":9,"16":13,"17":13,"18":2,"19":13,"20":13,"21":13,"22":3,"23":3,"24":10,"25":10,"26":4,"27":4,"28":6,"29":36,"30":6,"31":29,"32":28,"33":4,"34":4,"35":8,"36":8,"37":14,"38":14,"39":4,"40":14,"41":13,"42":12,"43":10,"44":10,"45":1,"46":1,"47":1,"48":1},"f":{"0":1,"1":1,"2":10,"3":13,"4":36,"5":29,"6":8,"7":14},"b":{"0":[1,9],"1":[2,0],"2":[3,10],"3":[4,6],"4":[4,0]}}
,"/Users/dzmitrypatseyuk/my/block-watcher/src/health/health.controller.ts": {"path":"/Users/dzmitrypatseyuk/my/block-watcher/src/health/health.controller.ts","statementMap":{"0":{"start":{"line":1,"column":0},"end":{"line":1,"column":49}},"1":{"start":{"line":2,"column":0},"end":{"line":2,"column":null}},"2":{"start":{"line":10,"column":0},"end":{"line":10,"column":69}},"3":{"start":{"line":11,"column":0},"end":{"line":11,"column":57}},"4":{"start":{"line":15,"column":7},"end":{"line":74,"column":null}},"5":{"start":{"line":17,"column":21},"end":{"line":17,"column":29}},"6":{"start":{"line":18,"column":21},"end":{"line":18,"column":35}},"7":{"start":{"line":19,"column":21},"end":{"line":19,"column":35}},"8":{"start":{"line":20,"column":21},"end":{"line":20,"column":33}},"9":{"start":{"line":21,"column":21},"end":{"line":21,"column":36}},"10":{"start":{"line":48,"column":4},"end":{"line":60,"column":7}},"11":{"start":{"line":50,"column":12},"end":{"line":50,"column":71}},"12":{"start":{"line":52,"column":12},"end":{"line":52,"column":74}},"13":{"start":{"line":54,"column":12},"end":{"line":54,"column":78}},"14":{"start":{"line":56,"column":12},"end":{"line":59,"column":8}},"15":{"start":{"line":70,"column":4},"end":{"line":72,"column":7}},"16":{"start":{"line":71,"column":12},"end":{"line":71,"column":71}},"17":{"start":{"line":15,"column":13},"end":{"line":15,"column":29}},"18":{"start":{"line":47,"column":2},"end":{"line":61,"column":null}},"19":{"start":{"line":69,"column":2},"end":{"line":73,"column":null}},"20":{"start":{"line":15,"column":13},"end":{"line":74,"column":null}}},"fnMap":{"0":{"name":"(anonymous_2)","decl":{"start":{"line":16,"column":2},"end":{"line":16,"column":null}},"loc":{"start":{"line":21,"column":49},"end":{"line":22,"column":6}}},"1":{"name":"(anonymous_3)","decl":{"start":{"line":47,"column":2},"end":{"line":47,"column":7}},"loc":{"start":{"line":47,"column":7},"end":{"line":61,"column":3}}},"2":{"name":"(anonymous_4)","decl":{"start":{"line":50,"column":6},"end":{"line":50,"column":9}},"loc":{"start":{"line":50,"column":12},"end":{"line":50,"column":71}}},"3":{"name":"(anonymous_5)","decl":{"start":{"line":52,"column":6},"end":{"line":52,"column":9}},"loc":{"start":{"line":52,"column":12},"end":{"line":52,"column":74}}},"4":{"name":"(anonymous_6)","decl":{"start":{"line":54,"column":6},"end":{"line":54,"column":9}},"loc":{"start":{"line":54,"column":12},"end":{"line":54,"column":78}}},"5":{"name":"(anonymous_7)","decl":{"start":{"line":56,"column":6},"end":{"line":56,"column":9}},"loc":{"start":{"line":56,"column":12},"end":{"line":59,"column":8}}},"6":{"name":"(anonymous_8)","decl":{"start":{"line":69,"column":2},"end":{"line":69,"column":15}},"loc":{"start":{"line":69,"column":15},"end":{"line":73,"column":3}}},"7":{"name":"(anonymous_9)","decl":{"start":{"line":71,"column":6},"end":{"line":71,"column":9}},"loc":{"start":{"line":71,"column":12},"end":{"line":71,"column":71}}}},"branchMap":{},"s":{"0":0,"1":0,"2":0,"3":0,"4":0,"5":0,"6":0,"7":0,"8":0,"9":0,"10":0,"11":0,"12":0,"13":0,"14":0,"15":0,"16":0,"17":0,"18":0,"19":0,"20":0},"f":{"0":0,"1":0,"2":0,"3":0,"4":0,"5":0,"6":0,"7":0},"b":{}}
,"/Users/dzmitrypatseyuk/my/block-watcher/src/metrics/metrics.controller.ts": {"path":"/Users/dzmitrypatseyuk/my/block-watcher/src/metrics/metrics.controller.ts","statementMap":{"0":{"start":{"line":1,"column":0},"end":{"line":1,"column":57}},"1":{"start":{"line":2,"column":0},"end":{"line":2,"column":69}},"2":{"start":{"line":3,"column":0},"end":{"line":3,"column":51}},"3":{"start":{"line":7,"column":7},"end":{"line":28,"column":null}},"4":{"start":{"line":8,"column":31},"end":{"line":8,"column":47}},"5":{"start":{"line":26,"column":4},"end":{"line":26,"column":44}},"6":{"start":{"line":7,"column":13},"end":{"line":7,"column":30}},"7":{"start":{"line":25,"column":8},"end":{"line":27,"column":null}},"8":{"start":{"line":7,"column":13},"end":{"line":28,"column":null}}},"fnMap":{"0":{"name":"(anonymous_2)","decl":{"start":{"line":8,"column":2},"end":{"line":8,"column":31}},"loc":{"start":{"line":8,"column":61},"end":{"line":8,"column":65}}},"1":{"name":"(anonymous_3)","decl":{"start":{"line":25,"column":8},"end":{"line":25,"column":18}},"loc":{"start":{"line":25,"column":18},"end":{"line":27,"column":3}}}},"branchMap":{},"s":{"0":0,"1":0,"2":0,"3":0,"4":0,"5":0,"6":0,"7":0,"8":0},"f":{"0":0,"1":0},"b":{}}
,"/Users/dzmitrypatseyuk/my/block-watcher/src/metrics/metrics.middleware.ts": {"path":"/Users/dzmitrypatseyuk/my/block-watcher/src/metrics/metrics.middleware.ts","statementMap":{"0":{"start":{"line":1,"column":0},"end":{"line":1,"column":60}},"1":{"start":{"line":3,"column":0},"end":{"line":3,"column":51}},"2":{"start":{"line":6,"column":7},"end":{"line":39,"column":null}},"3":{"start":{"line":7,"column":31},"end":{"line":7,"column":47}},"4":{"start":{"line":10,"column":22},"end":{"line":10,"column":45}},"5":{"start":{"line":11,"column":27},"end":{"line":11,"column":46}},"6":{"start":{"line":14,"column":24},"end":{"line":14,"column":31}},"7":{"start":{"line":17,"column":4},"end":{"line":35,"column":6}},"8":{"start":{"line":19,"column":23},"end":{"line":19,"column":72}},"9":{"start":{"line":22,"column":20},"end":{"line":22,"column":61}},"10":{"start":{"line":23,"column":30},"end":{"line":23,"column":66}},"11":{"start":{"line":26,"column":6},"end":{"line":31,"column":8}},"12":{"start":{"line":34,"column":6},"end":{"line":34,"column":43}},"13":{"start":{"line":37,"column":4},"end":{"line":37,"column":11}},"14":{"start":{"line":6,"column":13},"end":{"line":6,"column":30}},"15":{"start":{"line":6,"column":13},"end":{"line":39,"column":null}}},"fnMap":{"0":{"name":"(anonymous_2)","decl":{"start":{"line":7,"column":2},"end":{"line":7,"column":31}},"loc":{"start":{"line":7,"column":61},"end":{"line":7,"column":65}}},"1":{"name":"(anonymous_3)","decl":{"start":{"line":9,"column":2},"end":{"line":9,"column":5}},"loc":{"start":{"line":9,"column":53},"end":{"line":38,"column":3}}},"2":{"name":"(anonymous_4)","decl":{"start":{"line":17,"column":14},"end":{"line":17,"column":40}},"loc":{"start":{"line":17,"column":54},"end":{"line":35,"column":5}}}},"branchMap":{"0":{"loc":{"start":{"line":22,"column":20},"end":{"line":22,"column":61}},"type":"binary-expr","locations":[{"start":{"line":22,"column":20},"end":{"line":22,"column":35}},{"start":{"line":22,"column":39},"end":{"line":22,"column":47}},{"start":{"line":22,"column":51},"end":{"line":22,"column":61}}]}},"s":{"0":0,"1":0,"2":0,"3":0,"4":0,"5":0,"6":0,"7":0,"8":0,"9":0,"10":0,"11":0,"12":0,"13":0,"14":0,"15":0},"f":{"0":0,"1":0,"2":0},"b":{"0":[0,0,0]}}
,"/Users/dzmitrypatseyuk/my/block-watcher/src/metrics/metrics.service.ts": {"path":"/Users/dzmitrypatseyuk/my/block-watcher/src/metrics/metrics.service.ts","statementMap":{"0":{"start":{"line":1,"column":0},"end":{"line":1,"column":66}},"1":{"start":{"line":2,"column":0},"end":{"line":2,"column":80}},"2":{"start":{"line":5,"column":27},"end":{"line":140,"column":null}},"3":{"start":{"line":6,"column":28},"end":{"line":6,"column":59}},"4":{"start":{"line":23,"column":4},"end":{"line":23,"column":21}},"5":{"start":{"line":26,"column":4},"end":{"line":30,"column":7}},"6":{"start":{"line":33,"column":4},"end":{"line":39,"column":7}},"7":{"start":{"line":42,"column":4},"end":{"line":46,"column":7}},"8":{"start":{"line":49,"column":4},"end":{"line":55,"column":7}},"9":{"start":{"line":58,"column":4},"end":{"line":62,"column":7}},"10":{"start":{"line":64,"column":4},"end":{"line":68,"column":7}},"11":{"start":{"line":72,"column":4},"end":{"line":72,"column":82}},"12":{"start":{"line":73,"column":4},"end":{"line":73,"column":36}},"13":{"start":{"line":80,"column":4},"end":{"line":80,"column":30}},"14":{"start":{"line":87,"column":4},"end":{"line":89,"column":25}},"15":{"start":{"line":96,"column":4},"end":{"line":98,"column":25}},"16":{"start":{"line":105,"column":4},"end":{"line":105,"column":41}},"17":{"start":{"line":106,"column":4},"end":{"line":106,"column":37}},"18":{"start":{"line":113,"column":18},"end":{"line":113,"column":41}},"19":{"start":{"line":115,"column":4},"end":{"line":121,"column":7}},"20":{"start":{"line":116,"column":18},"end":{"line":116,"column":63}},"21":{"start":{"line":117,"column":6},"end":{"line":117,"column":33}},"22":{"start":{"line":120,"column":6},"end":{"line":120,"column":62}},"23":{"start":{"line":120,"column":23},"end":{"line":120,"column":54}},"24":{"start":{"line":129,"column":4},"end":{"line":138,"column":20}},"25":{"start":{"line":5,"column":13},"end":{"line":5,"column":27}},"26":{"start":{"line":5,"column":13},"end":{"line":140,"column":null}}},"fnMap":{"0":{"name":"(anonymous_2)","decl":{"start":{"line":21,"column":2},"end":{"line":21,"column":null}},"loc":{"start":{"line":21,"column":2},"end":{"line":69,"column":3}}},"1":{"name":"(anonymous_3)","decl":{"start":{"line":71,"column":2},"end":{"line":71,"column":14}},"loc":{"start":{"line":71,"column":14},"end":{"line":74,"column":3}}},"2":{"name":"(anonymous_4)","decl":{"start":{"line":79,"column":2},"end":{"line":79,"column":7}},"loc":{"start":{"line":79,"column":18},"end":{"line":81,"column":3}}},"3":{"name":"(anonymous_5)","decl":{"start":{"line":86,"column":2},"end":{"line":86,"column":19}},"loc":{"start":{"line":86,"column":87},"end":{"line":90,"column":3}}},"4":{"name":"(anonymous_6)","decl":{"start":{"line":95,"column":2},"end":{"line":95,"column":15}},"loc":{"start":{"line":95,"column":81},"end":{"line":99,"column":3}}},"5":{"name":"(anonymous_7)","decl":{"start":{"line":104,"column":2},"end":{"line":104,"column":22}},"loc":{"start":{"line":104,"column":51},"end":{"line":107,"column":3}}},"6":{"name":"(anonymous_8)","decl":{"start":{"line":112,"column":10},"end":{"line":112,"column":34}},"loc":{"start":{"line":112,"column":34},"end":{"line":122,"column":3}}},"7":{"name":"(anonymous_9)","decl":{"start":{"line":115,"column":17},"end":{"line":115,"column":20}},"loc":{"start":{"line":115,"column":22},"end":{"line":121,"column":5}}},"8":{"name":"(anonymous_10)","decl":{"start":{"line":120,"column":17},"end":{"line":120,"column":20}},"loc":{"start":{"line":120,"column":23},"end":{"line":120,"column":54}}},"9":{"name":"(anonymous_11)","decl":{"start":{"line":128,"column":2},"end":{"line":128,"column":16}},"loc":{"start":{"line":128,"column":29},"end":{"line":139,"column":3}}}},"branchMap":{"0":{"loc":{"start":{"line":129,"column":11},"end":{"line":138,"column":19}},"type":"binary-expr","locations":[{"start":{"line":129,"column":11},"end":{"line":137,"column":32}},{"start":{"line":138,"column":9},"end":{"line":138,"column":19}}]}},"s":{"0":3,"1":3,"2":3,"3":0,"4":0,"5":0,"6":0,"7":0,"8":0,"9":0,"10":0,"11":0,"12":0,"13":0,"14":0,"15":0,"16":0,"17":0,"18":0,"19":0,"20":0,"21":0,"22":0,"23":0,"24":0,"25":3,"26":3},"f":{"0":0,"1":0,"2":0,"3":0,"4":0,"5":0,"6":0,"7":0,"8":0,"9":0},"b":{"0":[0,0]}}
,"/Users/dzmitrypatseyuk/my/block-watcher/src/prisma/prisma.service.ts": {"path":"/Users/dzmitrypatseyuk/my/block-watcher/src/prisma/prisma.service.ts","statementMap":{"0":{"start":{"line":1,"column":0},"end":{"line":1,"column":null}},"1":{"start":{"line":9,"column":0},"end":{"line":9,"column":54}},"2":{"start":{"line":10,"column":0},"end":{"line":10,"column":60}},"3":{"start":{"line":13,"column":7},"end":{"line":89,"column":null}},"4":{"start":{"line":21,"column":4},"end":{"line":29,"column":7}},"5":{"start":{"line":19,"column":21},"end":{"line":19,"column":38}},"6":{"start":{"line":33,"column":4},"end":{"line":33,"column":26}},"7":{"start":{"line":34,"column":4},"end":{"line":34,"column":29}},"8":{"start":{"line":35,"column":4},"end":{"line":35,"column":41}},"9":{"start":{"line":39,"column":4},"end":{"line":39,"column":29}},"10":{"start":{"line":44,"column":5},"end":{"line":51,"column":7}},"11":{"start":{"line":45,"column":23},"end":{"line":45,"column":44}},"12":{"start":{"line":46,"column":20},"end":{"line":46,"column":59}},"13":{"start":{"line":47,"column":21},"end":{"line":47,"column":61}},"14":{"start":{"line":50,"column":6},"end":{"line":50,"column":72}},"15":{"start":{"line":54,"column":5},"end":{"line":57,"column":7}},"16":{"start":{"line":56,"column":6},"end":{"line":56,"column":73}},"17":{"start":{"line":62,"column":4},"end":{"line":69,"column":13}},"18":{"start":{"line":65,"column":32},"end":{"line":65,"column":65}},"19":{"start":{"line":66,"column":30},"end":{"line":66,"column":63}},"20":{"start":{"line":68,"column":6},"end":{"line":68,"column":84}},"21":{"start":{"line":74,"column":25},"end":{"line":74,"column":131}},"22":{"start":{"line":75,"column":4},"end":{"line":75,"column":54}},"23":{"start":{"line":80,"column":22},"end":{"line":80,"column":62}},"24":{"start":{"line":81,"column":4},"end":{"line":87,"column":5}},"25":{"start":{"line":82,"column":21},"end":{"line":82,"column":39}},"26":{"start":{"line":83,"column":21},"end":{"line":83,"column":37}},"27":{"start":{"line":84,"column":21},"end":{"line":84,"column":37}},"28":{"start":{"line":85,"column":21},"end":{"line":85,"column":37}},"29":{"start":{"line":86,"column":15},"end":{"line":86,"column":32}},"30":{"start":{"line":13,"column":13},"end":{"line":13,"column":26}},"31":{"start":{"line":13,"column":13},"end":{"line":89,"column":null}},"32":{"start":{"line":18,"column":29},"end":{"line":18,"column":43}}},"fnMap":{"0":{"name":"(anonymous_4)","decl":{"start":{"line":17,"column":2},"end":{"line":17,"column":null}},"loc":{"start":{"line":19,"column":52},"end":{"line":30,"column":3}}},"1":{"name":"(anonymous_5)","decl":{"start":{"line":32,"column":2},"end":{"line":32,"column":7}},"loc":{"start":{"line":32,"column":20},"end":{"line":36,"column":3}}},"2":{"name":"(anonymous_6)","decl":{"start":{"line":38,"column":2},"end":{"line":38,"column":7}},"loc":{"start":{"line":38,"column":23},"end":{"line":40,"column":3}}},"3":{"name":"(anonymous_7)","decl":{"start":{"line":42,"column":10},"end":{"line":42,"column":27}},"loc":{"start":{"line":42,"column":27},"end":{"line":58,"column":3}}},"4":{"name":"(anonymous_8)","decl":{"start":{"line":44,"column":31},"end":{"line":44,"column":32}},"loc":{"start":{"line":44,"column":46},"end":{"line":51,"column":5}}},"5":{"name":"(anonymous_9)","decl":{"start":{"line":54,"column":31},"end":{"line":54,"column":32}},"loc":{"start":{"line":54,"column":46},"end":{"line":57,"column":5}}},"6":{"name":"(anonymous_10)","decl":{"start":{"line":60,"column":10},"end":{"line":60,"column":39}},"loc":{"start":{"line":60,"column":39},"end":{"line":70,"column":3}}},"7":{"name":"(anonymous_11)","decl":{"start":{"line":62,"column":16},"end":{"line":62,"column":19}},"loc":{"start":{"line":62,"column":21},"end":{"line":69,"column":5}}},"8":{"name":"(anonymous_12)","decl":{"start":{"line":72,"column":10},"end":{"line":72,"column":31}},"loc":{"start":{"line":72,"column":45},"end":{"line":76,"column":3}}},"9":{"name":"(anonymous_13)","decl":{"start":{"line":78,"column":10},"end":{"line":78,"column":32}},"loc":{"start":{"line":78,"column":46},"end":{"line":88,"column":3}}},"10":{"name":"(anonymous_14)","decl":{"start":{"line":18,"column":23},"end":{"line":18,"column":26}},"loc":{"start":{"line":18,"column":29},"end":{"line":18,"column":43}}}},"branchMap":{"0":{"loc":{"start":{"line":74,"column":25},"end":{"line":74,"column":131}},"type":"binary-expr","locations":[{"start":{"line":74,"column":25},"end":{"line":74,"column":57}},{"start":{"line":74,"column":61},"end":{"line":74,"column":93}},{"start":{"line":74,"column":97},"end":{"line":74,"column":131}}]},"1":{"loc":{"start":{"line":75,"column":11},"end":{"line":75,"column":53}},"type":"cond-expr","locations":[{"start":{"line":75,"column":26},"end":{"line":75,"column":41}},{"start":{"line":75,"column":44},"end":{"line":75,"column":53}}]},"2":{"loc":{"start":{"line":81,"column":4},"end":{"line":87,"column":5}},"type":"switch","locations":[{"start":{"line":82,"column":6},"end":{"line":82,"column":39}},{"start":{"line":83,"column":6},"end":{"line":83,"column":37}},{"start":{"line":84,"column":6},"end":{"line":84,"column":37}},{"start":{"line":85,"column":6},"end":{"line":85,"column":37}},{"start":{"line":86,"column":6},"end":{"line":86,"column":32}}]}},"s":{"0":3,"1":3,"2":3,"3":3,"4":3,"5":3,"6":1,"7":1,"8":1,"9":4,"10":1,"11":53,"12":53,"13":53,"14":53,"15":1,"16":0,"17":1,"18":0,"19":0,"20":0,"21":53,"22":53,"23":53,"24":53,"25":17,"26":12,"27":0,"28":0,"29":24,"30":3,"31":3,"32":3},"f":{"0":3,"1":1,"2":4,"3":1,"4":53,"5":0,"6":1,"7":0,"8":53,"9":53,"10":3},"b":{"0":[53,53,53],"1":[0,53],"2":[17,12,0,0,24]}}
,"/Users/dzmitrypatseyuk/my/block-watcher/src/rpc/rpc.types.ts": {"path":"/Users/dzmitrypatseyuk/my/block-watcher/src/rpc/rpc.types.ts","statementMap":{"0":{"start":{"line":1,"column":13},"end":{"line":1,"column":40}}},"fnMap":{},"branchMap":{},"s":{"0":3},"f":{},"b":{}}
,"/Users/dzmitrypatseyuk/my/block-watcher/src/rpc/viem-rpc.service.ts": {"path":"/Users/dzmitrypatseyuk/my/block-watcher/src/rpc/viem-rpc.service.ts","statementMap":{"0":{"start":{"line":1,"column":0},"end":{"line":1,"column":44}},"1":{"start":{"line":2,"column":0},"end":{"line":2,"column":47}},"2":{"start":{"line":4,"column":0},"end":{"line":4,"column":48}},"3":{"start":{"line":5,"column":0},"end":{"line":5,"column":89}},"4":{"start":{"line":8,"column":2},"end":{"line":23,"column":3}},"5":{"start":{"line":10,"column":6},"end":{"line":10,"column":21}},"6":{"start":{"line":12,"column":6},"end":{"line":12,"column":22}},"7":{"start":{"line":14,"column":6},"end":{"line":14,"column":21}},"8":{"start":{"line":16,"column":6},"end":{"line":16,"column":22}},"9":{"start":{"line":18,"column":6},"end":{"line":18,"column":18}},"10":{"start":{"line":20,"column":6},"end":{"line":20,"column":21}},"11":{"start":{"line":22,"column":6},"end":{"line":22,"column":21}},"12":{"start":{"line":27,"column":7},"end":{"line":69,"column":null}},"13":{"start":{"line":28,"column":21},"end":{"line":28,"column":77}},"14":{"start":{"line":30,"column":31},"end":{"line":30,"column":39}},"15":{"start":{"line":31,"column":23},"end":{"line":31,"column":73}},"16":{"start":{"line":32,"column":4},"end":{"line":38,"column":6}},"17":{"start":{"line":42,"column":21},"end":{"line":42,"column":46}},"18":{"start":{"line":43,"column":4},"end":{"line":43,"column":34}},"19":{"start":{"line":43,"column":18},"end":{"line":43,"column":34}},"20":{"start":{"line":44,"column":16},"end":{"line":44,"column":71}},"21":{"start":{"line":45,"column":19},"end":{"line":45,"column":94}},"22":{"start":{"line":46,"column":4},"end":{"line":46,"column":38}},"23":{"start":{"line":47,"column":4},"end":{"line":47,"column":18}},"24":{"start":{"line":51,"column":19},"end":{"line":51,"column":42}},"25":{"start":{"line":52,"column":14},"end":{"line":52,"column":59}},"26":{"start":{"line":53,"column":4},"end":{"line":53,"column":21}},"27":{"start":{"line":57,"column":19},"end":{"line":57,"column":42}},"28":{"start":{"line":58,"column":4},"end":{"line":58,"column":52}},"29":{"start":{"line":62,"column":4},"end":{"line":62,"column":43}},"30":{"start":{"line":66,"column":19},"end":{"line":66,"column":42}},"31":{"start":{"line":67,"column":4},"end":{"line":67,"column":54}},"32":{"start":{"line":27,"column":13},"end":{"line":27,"column":27}},"33":{"start":{"line":27,"column":13},"end":{"line":69,"column":null}}},"fnMap":{"0":{"name":"viemChainById","decl":{"start":{"line":7,"column":9},"end":{"line":7,"column":22}},"loc":{"start":{"line":7,"column":33},"end":{"line":24,"column":1}}},"1":{"name":"(anonymous_3)","decl":{"start":{"line":30,"column":2},"end":{"line":30,"column":31}},"loc":{"start":{"line":30,"column":52},"end":{"line":39,"column":3}}},"2":{"name":"(anonymous_4)","decl":{"start":{"line":41,"column":10},"end":{"line":41,"column":19}},"loc":{"start":{"line":41,"column":35},"end":{"line":48,"column":3}}},"3":{"name":"(anonymous_5)","decl":{"start":{"line":50,"column":2},"end":{"line":50,"column":7}},"loc":{"start":{"line":50,"column":37},"end":{"line":54,"column":3}}},"4":{"name":"(anonymous_6)","decl":{"start":{"line":56,"column":2},"end":{"line":56,"column":7}},"loc":{"start":{"line":56,"column":56},"end":{"line":59,"column":3}}},"5":{"name":"(anonymous_7)","decl":{"start":{"line":61,"column":2},"end":{"line":61,"column":23}},"loc":{"start":{"line":61,"column":23},"end":{"line":63,"column":3}}},"6":{"name":"(anonymous_8)","decl":{"start":{"line":65,"column":2},"end":{"line":65,"column":14}},"loc":{"start":{"line":65,"column":30},"end":{"line":68,"column":3}}}},"branchMap":{"0":{"loc":{"start":{"line":8,"column":2},"end":{"line":23,"column":3}},"type":"switch","locations":[{"start":{"line":9,"column":4},"end":{"line":10,"column":21}},{"start":{"line":11,"column":4},"end":{"line":12,"column":22}},{"start":{"line":13,"column":4},"end":{"line":14,"column":21}},{"start":{"line":15,"column":4},"end":{"line":16,"column":22}},{"start":{"line":17,"column":4},"end":{"line":18,"column":18}},{"start":{"line":19,"column":4},"end":{"line":20,"column":21}},{"start":{"line":21,"column":4},"end":{"line":22,"column":21}}]},"1":{"loc":{"start":{"line":43,"column":4},"end":{"line":43,"column":34}},"type":"if","locations":[{"start":{"line":43,"column":4},"end":{"line":43,"column":34}},{"start":{},"end":{}}]},"2":{"loc":{"start":{"line":67,"column":11},"end":{"line":67,"column":53}},"type":"binary-expr","locations":[{"start":{"line":67,"column":11},"end":{"line":67,"column":29}},{"start":{"line":67,"column":33},"end":{"line":67,"column":53}}]}},"s":{"0":1,"1":1,"2":1,"3":1,"4":11,"5":2,"6":1,"7":1,"8":1,"9":1,"10":1,"11":4,"12":1,"13":2,"14":2,"15":2,"16":2,"17":17,"18":17,"19":8,"20":9,"21":9,"22":9,"23":9,"24":0,"25":0,"26":0,"27":0,"28":0,"29":4,"30":17,"31":17,"32":1,"33":1},"f":{"0":11,"1":2,"2":17,"3":0,"4":0,"5":4,"6":17},"b":{"0":[2,1,1,1,1,1,4],"1":[8,9],"2":[17,0]}}
}
