TN:
SF:src/evm-blocks/evm-blocks.controller.ts
FN:9,(anonymous_4)
FN:10,(anonymous_5)
FN:16,(anonymous_6)
FN:24,(anonymous_7)
FNF:4
FNH:4
FNDA:1,(anonymous_4)
FNDA:2,(anonymous_5)
FNDA:7,(anonymous_6)
FNDA:10,(anonymous_7)
DA:1,1
DA:2,1
DA:3,1
DA:4,1
DA:8,1
DA:9,1
DA:10,1
DA:11,2
DA:16,1
DA:17,7
DA:19,7
DA:21,5
DA:24,1
DA:28,10
DA:29,10
DA:30,6
LF:16
LH:16
BRDA:19,0,0,2
BRDA:19,0,1,5
BRDA:29,1,0,4
BRDA:29,1,1,6
BRF:4
BRH:4
end_of_record
TN:
SF:src/evm-blocks/evm-blocks.service.ts
FN:10,(anonymous_2)
FN:15,(anonymous_3)
FN:21,(anonymous_4)
FN:28,(anonymous_5)
FN:36,(anonymous_6)
FNF:5
FNH:5
FNDA:3,(anonymous_2)
FNDA:25,(anonymous_3)
FNDA:27,(anonymous_4)
FNDA:54,(anonymous_5)
FNDA:12,(anonymous_6)
DA:1,3
DA:3,3
DA:8,3
DA:9,3
DA:11,3
DA:16,25
DA:22,27
DA:29,54
DA:37,12
DA:43,12
DA:49,12
DA:50,1
DA:53,11
DA:54,11
DA:56,11
DA:58,11
DA:59,11
DA:78,11
DA:79,11
DA:80,8
DA:81,8
DA:85,44
DA:87,8
DA:90,11
LF:24
LH:24
BRDA:49,0,0,1
BRDA:49,0,1,11
BRDA:49,1,0,12
BRDA:49,1,1,11
BRDA:56,2,0,0
BRDA:56,2,1,11
BRDA:82,3,0,52
BRDA:82,3,1,46
BRDA:87,4,0,2
BRDA:87,4,1,6
BRF:10
BRH:9
end_of_record
TN:
SF:src/evm-blocks/evm-watcher.provider.ts
FN:11,(anonymous_4)
FN:17,(anonymous_5)
FN:22,(anonymous_6)
FN:39,(anonymous_7)
FN:56,(anonymous_8)
FN:60,(anonymous_9)
FN:80,(anonymous_10)
FN:92,(anonymous_11)
FNF:8
FNH:8
FNDA:1,(anonymous_4)
FNDA:1,(anonymous_5)
FNDA:10,(anonymous_6)
FNDA:13,(anonymous_7)
FNDA:36,(anonymous_8)
FNDA:29,(anonymous_9)
FNDA:8,(anonymous_10)
FNDA:14,(anonymous_11)
DA:1,1
DA:2,1
DA:3,1
DA:4,1
DA:5,1
DA:8,1
DA:9,1
DA:12,1
DA:13,1
DA:14,1
DA:18,1
DA:22,1
DA:23,10
DA:24,10
DA:25,1
DA:26,1
DA:30,9
DA:31,13
DA:32,13
DA:34,2
DA:40,13
DA:42,13
DA:44,13
DA:45,3
DA:46,3
DA:49,10
DA:51,10
DA:52,4
DA:53,4
DA:56,6
DA:57,36
DA:60,6
DA:61,29
DA:69,28
DA:72,4
DA:74,4
DA:80,1
DA:81,8
DA:83,8
DA:84,14
DA:85,14
DA:87,4
DA:93,14
DA:95,13
DA:97,12
DA:107,10
DA:108,10
LF:47
LH:47
BRDA:24,0,0,1
BRDA:24,0,1,9
BRDA:34,1,0,2
BRDA:34,1,1,0
BRDA:44,2,0,3
BRDA:44,2,1,10
BRDA:51,3,0,4
BRDA:51,3,1,6
BRDA:87,4,0,4
BRDA:87,4,1,0
BRF:10
BRH:8
end_of_record
TN:
SF:src/health/health.controller.ts
FN:16,(anonymous_2)
FN:47,(anonymous_3)
FN:50,(anonymous_4)
FN:52,(anonymous_5)
FN:54,(anonymous_6)
FN:56,(anonymous_7)
FN:69,(anonymous_8)
FN:71,(anonymous_9)
FNF:8
FNH:0
FNDA:0,(anonymous_2)
FNDA:0,(anonymous_3)
FNDA:0,(anonymous_4)
FNDA:0,(anonymous_5)
FNDA:0,(anonymous_6)
FNDA:0,(anonymous_7)
FNDA:0,(anonymous_8)
FNDA:0,(anonymous_9)
DA:1,0
DA:2,0
DA:10,0
DA:11,0
DA:15,0
DA:17,0
DA:18,0
DA:19,0
DA:20,0
DA:21,0
DA:47,0
DA:48,0
DA:50,0
DA:52,0
DA:54,0
DA:56,0
DA:69,0
DA:70,0
DA:71,0
LF:19
LH:0
BRF:0
BRH:0
end_of_record
TN:
SF:src/metrics/metrics.controller.ts
FN:8,(anonymous_2)
FN:25,(anonymous_3)
FNF:2
FNH:0
FNDA:0,(anonymous_2)
FNDA:0,(anonymous_3)
DA:1,0
DA:2,0
DA:3,0
DA:7,0
DA:8,0
DA:25,0
DA:26,0
LF:7
LH:0
BRF:0
BRH:0
end_of_record
TN:
SF:src/metrics/metrics.middleware.ts
FN:7,(anonymous_2)
FN:9,(anonymous_3)
FN:17,(anonymous_4)
FNF:3
FNH:0
FNDA:0,(anonymous_2)
FNDA:0,(anonymous_3)
FNDA:0,(anonymous_4)
DA:1,0
DA:3,0
DA:6,0
DA:7,0
DA:10,0
DA:11,0
DA:14,0
DA:17,0
DA:19,0
DA:22,0
DA:23,0
DA:26,0
DA:34,0
DA:37,0
LF:14
LH:0
BRDA:22,0,0,0
BRDA:22,0,1,0
BRDA:22,0,2,0
BRF:3
BRH:0
end_of_record
TN:
SF:src/metrics/metrics.service.ts
FN:21,(anonymous_2)
FN:71,(anonymous_3)
FN:79,(anonymous_4)
FN:86,(anonymous_5)
FN:95,(anonymous_6)
FN:104,(anonymous_7)
FN:112,(anonymous_8)
FN:115,(anonymous_9)
FN:120,(anonymous_10)
FN:128,(anonymous_11)
FNF:10
FNH:0
FNDA:0,(anonymous_2)
FNDA:0,(anonymous_3)
FNDA:0,(anonymous_4)
FNDA:0,(anonymous_5)
FNDA:0,(anonymous_6)
FNDA:0,(anonymous_7)
FNDA:0,(anonymous_8)
FNDA:0,(anonymous_9)
FNDA:0,(anonymous_10)
FNDA:0,(anonymous_11)
DA:1,3
DA:2,3
DA:5,3
DA:6,0
DA:23,0
DA:26,0
DA:33,0
DA:42,0
DA:49,0
DA:58,0
DA:64,0
DA:72,0
DA:73,0
DA:80,0
DA:87,0
DA:96,0
DA:105,0
DA:106,0
DA:113,0
DA:115,0
DA:116,0
DA:117,0
DA:120,0
DA:129,0
LF:24
LH:3
BRDA:129,0,0,0
BRDA:129,0,1,0
BRF:2
BRH:0
end_of_record
TN:
SF:src/prisma/prisma.service.ts
FN:17,(anonymous_4)
FN:32,(anonymous_5)
FN:38,(anonymous_6)
FN:42,(anonymous_7)
FN:44,(anonymous_8)
FN:54,(anonymous_9)
FN:60,(anonymous_10)
FN:62,(anonymous_11)
FN:72,(anonymous_12)
FN:78,(anonymous_13)
FN:18,(anonymous_14)
FNF:11
FNH:9
FNDA:3,(anonymous_4)
FNDA:1,(anonymous_5)
FNDA:4,(anonymous_6)
FNDA:1,(anonymous_7)
FNDA:53,(anonymous_8)
FNDA:0,(anonymous_9)
FNDA:1,(anonymous_10)
FNDA:0,(anonymous_11)
FNDA:53,(anonymous_12)
FNDA:53,(anonymous_13)
FNDA:3,(anonymous_14)
DA:1,3
DA:9,3
DA:10,3
DA:13,3
DA:18,3
DA:19,3
DA:21,3
DA:33,1
DA:34,1
DA:35,1
DA:39,4
DA:44,1
DA:45,53
DA:46,53
DA:47,53
DA:50,53
DA:54,1
DA:56,0
DA:62,1
DA:65,0
DA:66,0
DA:68,0
DA:74,53
DA:75,53
DA:80,53
DA:81,53
DA:82,17
DA:83,12
DA:84,0
DA:85,0
DA:86,24
LF:31
LH:25
BRDA:74,0,0,53
BRDA:74,0,1,53
BRDA:74,0,2,53
BRDA:75,1,0,0
BRDA:75,1,1,53
BRDA:81,2,0,17
BRDA:81,2,1,12
BRDA:81,2,2,0
BRDA:81,2,3,0
BRDA:81,2,4,24
BRF:10
BRH:7
end_of_record
TN:
SF:src/rpc/rpc.types.ts
FNF:0
FNH:0
DA:1,3
LF:1
LH:1
BRF:0
BRH:0
end_of_record
TN:
SF:src/rpc/viem-rpc.service.ts
FN:7,viemChainById
FN:30,(anonymous_3)
FN:41,(anonymous_4)
FN:50,(anonymous_5)
FN:56,(anonymous_6)
FN:61,(anonymous_7)
FN:65,(anonymous_8)
FNF:7
FNH:5
FNDA:11,viemChainById
FNDA:2,(anonymous_3)
FNDA:17,(anonymous_4)
FNDA:0,(anonymous_5)
FNDA:0,(anonymous_6)
FNDA:4,(anonymous_7)
FNDA:17,(anonymous_8)
DA:1,1
DA:2,1
DA:4,1
DA:5,1
DA:8,11
DA:10,2
DA:12,1
DA:14,1
DA:16,1
DA:18,1
DA:20,1
DA:22,4
DA:27,1
DA:28,2
DA:30,2
DA:31,2
DA:32,2
DA:42,17
DA:43,17
DA:44,9
DA:45,9
DA:46,9
DA:47,9
DA:51,0
DA:52,0
DA:53,0
DA:57,0
DA:58,0
DA:62,4
DA:66,17
DA:67,17
LF:31
LH:26
BRDA:8,0,0,2
BRDA:8,0,1,1
BRDA:8,0,2,1
BRDA:8,0,3,1
BRDA:8,0,4,1
BRDA:8,0,5,1
BRDA:8,0,6,4
BRDA:43,1,0,8
BRDA:43,1,1,9
BRDA:67,2,0,17
BRDA:67,2,1,0
BRF:11
BRH:10
end_of_record
