TN:
SF:src/evm-blocks/evm-blocks.controller.ts
FN:9,(anonymous_4)
FN:10,(anonymous_5)
FN:16,(anonymous_6)
FN:24,(anonymous_7)
FNF:4
FNH:0
FNDA:0,(anonymous_4)
FNDA:0,(anonymous_5)
FNDA:0,(anonymous_6)
FNDA:0,(anonymous_7)
DA:1,0
DA:2,0
DA:3,0
DA:4,0
DA:8,0
DA:9,0
DA:10,0
DA:11,0
DA:16,0
DA:17,0
DA:19,0
DA:21,0
DA:24,0
DA:28,0
DA:29,0
DA:30,0
LF:16
LH:0
BRDA:19,0,0,0
BRDA:19,0,1,0
BRDA:29,1,0,0
BRDA:29,1,1,0
BRF:4
BRH:0
end_of_record
TN:
SF:src/evm-blocks/evm-blocks.service.ts
FN:10,(anonymous_2)
FN:15,(anonymous_3)
FN:21,(anonymous_4)
FN:28,(anonymous_5)
FN:36,(anonymous_6)
FNF:5
FNH:0
FNDA:0,(anonymous_2)
FNDA:0,(anonymous_3)
FNDA:0,(anonymous_4)
FNDA:0,(anonymous_5)
FNDA:0,(anonymous_6)
DA:1,0
DA:3,0
DA:8,0
DA:9,0
DA:11,0
DA:16,0
DA:22,0
DA:29,0
DA:37,0
DA:43,0
DA:49,0
DA:50,0
DA:53,0
DA:54,0
DA:56,0
DA:58,0
DA:59,0
DA:78,0
DA:79,0
DA:80,0
DA:81,0
DA:85,0
DA:87,0
DA:90,0
LF:24
LH:0
BRDA:49,0,0,0
BRDA:49,0,1,0
BRDA:49,1,0,0
BRDA:49,1,1,0
BRDA:56,2,0,0
BRDA:56,2,1,0
BRDA:82,3,0,0
BRDA:82,3,1,0
BRDA:87,4,0,0
BRDA:87,4,1,0
BRF:10
BRH:0
end_of_record
TN:
SF:src/evm-blocks/evm-watcher.provider.ts
FN:11,(anonymous_4)
FN:17,(anonymous_5)
FN:22,(anonymous_6)
FN:39,(anonymous_7)
FN:56,(anonymous_8)
FN:60,(anonymous_9)
FN:80,(anonymous_10)
FN:92,(anonymous_11)
FNF:8
FNH:0
FNDA:0,(anonymous_4)
FNDA:0,(anonymous_5)
FNDA:0,(anonymous_6)
FNDA:0,(anonymous_7)
FNDA:0,(anonymous_8)
FNDA:0,(anonymous_9)
FNDA:0,(anonymous_10)
FNDA:0,(anonymous_11)
DA:1,0
DA:2,0
DA:3,0
DA:4,0
DA:5,0
DA:8,0
DA:9,0
DA:12,0
DA:13,0
DA:14,0
DA:18,0
DA:22,0
DA:23,0
DA:24,0
DA:25,0
DA:26,0
DA:30,0
DA:31,0
DA:32,0
DA:34,0
DA:40,0
DA:42,0
DA:44,0
DA:45,0
DA:46,0
DA:49,0
DA:51,0
DA:52,0
DA:53,0
DA:56,0
DA:57,0
DA:60,0
DA:61,0
DA:69,0
DA:72,0
DA:74,0
DA:80,0
DA:81,0
DA:83,0
DA:84,0
DA:85,0
DA:87,0
DA:93,0
DA:95,0
DA:97,0
DA:107,0
DA:108,0
LF:47
LH:0
BRDA:24,0,0,0
BRDA:24,0,1,0
BRDA:34,1,0,0
BRDA:34,1,1,0
BRDA:44,2,0,0
BRDA:44,2,1,0
BRDA:51,3,0,0
BRDA:51,3,1,0
BRDA:87,4,0,0
BRDA:87,4,1,0
BRF:10
BRH:0
end_of_record
TN:
SF:src/prisma/prisma.service.ts
FN:14,(anonymous_1)
FN:18,(anonymous_2)
FNF:2
FNH:0
FNDA:0,(anonymous_1)
FNDA:0,(anonymous_2)
DA:1,0
DA:7,0
DA:10,0
DA:15,0
DA:19,0
LF:5
LH:0
BRF:0
BRH:0
end_of_record
TN:
SF:src/rpc/rpc.types.ts
FNF:0
FNH:0
DA:1,0
LF:1
LH:0
BRF:0
BRH:0
end_of_record
TN:
SF:src/rpc/viem-rpc.service.ts
FN:7,viemChainById
FN:30,(anonymous_3)
FN:41,(anonymous_4)
FN:50,(anonymous_5)
FN:56,(anonymous_6)
FN:61,(anonymous_7)
FN:65,(anonymous_8)
FNF:7
FNH:7
FNDA:38,viemChainById
FNDA:22,(anonymous_3)
FNDA:36,(anonymous_4)
FNDA:8,(anonymous_5)
FNDA:9,(anonymous_6)
FNDA:1,(anonymous_7)
FNDA:8,(anonymous_8)
DA:1,1
DA:2,1
DA:4,1
DA:5,1
DA:8,38
DA:10,22
DA:12,3
DA:14,6
DA:16,3
DA:18,2
DA:20,1
DA:22,1
DA:27,1
DA:28,22
DA:30,22
DA:31,22
DA:32,22
DA:42,36
DA:43,36
DA:44,16
DA:45,16
DA:46,16
DA:47,16
DA:51,8
DA:52,8
DA:53,7
DA:57,9
DA:58,9
DA:62,1
DA:66,8
DA:67,8
LF:31
LH:31
BRDA:8,0,0,22
BRDA:8,0,1,3
BRDA:8,0,2,6
BRDA:8,0,3,3
BRDA:8,0,4,2
BRDA:8,0,5,1
BRDA:8,0,6,1
BRDA:43,1,0,20
BRDA:43,1,1,16
BRDA:67,2,0,8
BRDA:67,2,1,0
BRF:11
BRH:10
end_of_record
